STEP 1/8: FROM quay.io/openshift-release-dev/ocp-v4.0-art-dev@sha256:5ad87db06c4c2fe73ae1e369f0bc3c920f0f30f8c6bffb330d85c6b383dfc531 AS builder
STEP 2/8: ARG I915_RELEASE
--> Using cache 846091d0486ed59a909d0cfc633b20af371c9817aa198d6c1c2634037c58beda
--> 846091d0486e
STEP 3/8: ARG FIRMWARE_RELEASE
--> Using cache 657c249fc7a56f5a0ab087e38e51f1be038e21a9195505f04e325ef3ff826c54
--> 657c249fc7a5
STEP 4/8: ARG KERNEL_FULL_VERSION
--> Using cache e75cff42f794e9a4e750d698b1eff5f8ddcfe9cb51bf6341cb9a48d864f698b1
--> e75cff42f794
STEP 5/8: ARG OS_TYPE=rhel_9
--> Using cache 6ace63d84dbaccccad2746af0c59ad4a7c8d295e57628033ec8933b6ef6119e6
--> 6ace63d84dba
STEP 6/8: ARG OS_VERSION
--> Using cache 2c43acfacd96d9babb1d65e3e0f8355836e11653de9bbeb267e7345d70c5f93f
--> 2c43acfacd96
STEP 7/8: WORKDIR /build
--> Using cache a43acbf3c3480c8d0a689ceb1877a3e4de749c5e75096ac8ba13bc9e54f0611e
--> a43acbf3c348
STEP 8/8: RUN git clone -b ${I915_RELEASE} --single-branch https://github.com/intel-gpu/intel-gpu-i915-backports.git     && cd intel-gpu-i915-backports     && install -D COPYING /licenses/i915/COPYING     && export LEX=flex; export YACC=bison     && export OS_TYPE=${OS_TYPE} && export OS_VERSION=${OS_VERSION}     && export KLIB_BUILD=/lib/modules/${KERNEL_FULL_VERSION}/build     && export KLIB=/lib/modules/${KERNEL_FULL_VERSION}     && cp defconfigs/i915 .config     && make -j $(nproc) olddefconfig     && make -j $(nproc) modules     && make -j $(nproc) modules_install
Generating local configuration database from kernel ... done.
make[1]: Nothing to be done for 'updateconfig'.
cc -Wall -Wmissing-prototypes -Wstrict-prototypes -O2 -fomit-frame-pointer   -c -o conf.o conf.c
flex -ozconf.lex.c -L zconf.l
bison -ozconf.tab.c -t -l zconf.y
cc -Wall -Wmissing-prototypes -Wstrict-prototypes -O2 -fomit-frame-pointer   -c -o zconf.tab.o zconf.tab.c
cc   conf.o zconf.tab.o   -o conf
#
# configuration written to .config
#
make[1]: Nothing to be done for 'updateconfig'.
make[3]: Nothing to be done for 'updateconfig'.
make[4]: 'conf' is up to date.
#
# configuration written to .config
#
Building backport-include/backport/autoconf.h ... done.
Building backport-include/backport/backport_path.h ... done.
  CC [M]  /build/intel-gpu-i915-backports/drivers/watchdog/mei_wdt.o
  CC [M]  /build/intel-gpu-i915-backports/compat/main.o
  CC [M]  /build/intel-gpu-i915-backports/compat/backport-5.15.o
  CC [M]  /build/intel-gpu-i915-backports/compat/timer.o
  CC [M]  /build/intel-gpu-i915-backports/compat/backport-nodrm.o
  CC [M]  /build/intel-gpu-i915-backports/compat/backport-5.19.o
  CC [M]  /build/intel-gpu-i915-backports/compat/slub.o
  CC [M]  /build/intel-gpu-i915-backports/compat/slab.o
  CC [M]  /build/intel-gpu-i915-backports/compat/ptrace.o
  CC [M]  /build/intel-gpu-i915-backports/compat/vmscan.o
  CC [M]  /build/intel-gpu-i915-backports/compat/swap.o
  CC [M]  /build/intel-gpu-i915-backports/compat/dma-resv.o
  CC [M]  /build/intel-gpu-i915-backports/compat/swiotlb.o
  CC [M]  /build/intel-gpu-i915-backports/drivers/platform/x86/intel/vsec.o
  CC [M]  /build/intel-gpu-i915-backports/compat/hdmi.o
  CC [M]  /build/intel-gpu-i915-backports/compat/power_runtime.o
  CC [M]  /build/intel-gpu-i915-backports/drivers/platform/x86/intel/pmt/class.o
  CC [M]  /build/intel-gpu-i915-backports/drivers/misc/mei/hdcp/mei_hdcp.o
  CC [M]  /build/intel-gpu-i915-backports/drivers/misc/mei/pxp/mei_pxp.o
  CC [M]  /build/intel-gpu-i915-backports/drivers/gpu/drm/i915/fabric/debugfs.o
  CC [M]  /build/intel-gpu-i915-backports/drivers/gpu/drm/i915/fabric/dev_diag.o
  CC [M]  /build/intel-gpu-i915-backports/compat/proc_fs.o
  CC [M]  /build/intel-gpu-i915-backports/drivers/gpu/drm/i915/fabric/error.o
  CC [M]  /build/intel-gpu-i915-backports/drivers/gpu/drm/i915/fabric/fw.o
  CC [M]  /build/intel-gpu-i915-backports/drivers/gpu/drm/i915/fabric/main.o
  CC [M]  /build/intel-gpu-i915-backports/drivers/gpu/drm/i915/fabric/mei_iaf_user.o
  CC [M]  /build/intel-gpu-i915-backports/compat/aer.o
  CC [M]  /build/intel-gpu-i915-backports/drivers/misc/mei/iaf/mei_iaf.o
  CC [M]  /build/intel-gpu-i915-backports/drivers/platform/x86/intel/pmt/telemetry.o
  CC [M]  /build/intel-gpu-i915-backports/drivers/misc/mei/init.o
  CC [M]  /build/intel-gpu-i915-backports/drivers/misc/mei/hbm.o
  CC [M]  /build/intel-gpu-i915-backports/drivers/misc/mei/interrupt.o
  CC [M]  /build/intel-gpu-i915-backports/drivers/misc/mei/client.o
  CC [M]  /build/intel-gpu-i915-backports/drivers/misc/mei/main.o
  CC [M]  /build/intel-gpu-i915-backports/drivers/gpu/drm/i915/i915_driver.o
  CC [M]  /build/intel-gpu-i915-backports/drivers/gpu/drm/i915/i915_config.o
  CC [M]  /build/intel-gpu-i915-backports/drivers/gpu/drm/i915/i915_drm_client.o
  CC [M]  /build/intel-gpu-i915-backports/drivers/misc/mei/dma-ring.o
  LD [M]  /build/intel-gpu-i915-backports/drivers/platform/x86/intel/intel_vsec.o
  CC [M]  /build/intel-gpu-i915-backports/drivers/gpu/drm/i915/fabric/mbdb.o
  CC [M]  /build/intel-gpu-i915-backports/drivers/gpu/drm/i915/fabric/netlink.o
  CC [M]  /build/intel-gpu-i915-backports/drivers/misc/mei/bus.o
  CC [M]  /build/intel-gpu-i915-backports/drivers/gpu/drm/i915/fabric/ops.o
  CC [M]  /build/intel-gpu-i915-backports/drivers/misc/mei/bus-fixup.o
  CC [M]  /build/intel-gpu-i915-backports/drivers/gpu/drm/i915/fabric/parallel.o
  CC [M]  /build/intel-gpu-i915-backports/drivers/misc/mei/debugfs.o
  LD [M]  /build/intel-gpu-i915-backports/compat/i915-compat.o
  CC [M]  /build/intel-gpu-i915-backports/drivers/misc/mei/mei-trace.o
  CC [M]  /build/intel-gpu-i915-backports/drivers/gpu/drm/i915/i915_getparam.o
  CC [M]  /build/intel-gpu-i915-backports/drivers/misc/mei/pci-me.o
  CC [M]  /build/intel-gpu-i915-backports/drivers/misc/mei/hw-me.o
  CC [M]  /build/intel-gpu-i915-backports/drivers/platform/x86/intel/pmt/crashlog.o
  LD [M]  /build/intel-gpu-i915-backports/drivers/platform/x86/intel/pmt/pmt_class.o
  CC [M]  /build/intel-gpu-i915-backports/drivers/gpu/drm/i915/i915_ioctl.o
  CC [M]  /build/intel-gpu-i915-backports/drivers/gpu/drm/i915/i915_irq.o
  LD [M]  /build/intel-gpu-i915-backports/drivers/platform/x86/intel/pmt/pmt_telemetry.o
  CC [M]  /build/intel-gpu-i915-backports/drivers/gpu/drm/i915/i915_mitigations.o
  CC [M]  /build/intel-gpu-i915-backports/drivers/gpu/drm/i915/fabric/port.o
  CC [M]  /build/intel-gpu-i915-backports/drivers/gpu/drm/i915/i915_module.o
  CC [M]  /build/intel-gpu-i915-backports/drivers/gpu/drm/i915/i915_params.o
  CC [M]  /build/intel-gpu-i915-backports/drivers/misc/mei/gsc-me.o
  CC [M]  /build/intel-gpu-i915-backports/drivers/misc/mei/pci-txe.o
  CC [M]  /build/intel-gpu-i915-backports/drivers/misc/mei/hw-txe.o
  CC [M]  /build/intel-gpu-i915-backports/drivers/gpu/drm/i915/i915_pci.o
  CC [M]  /build/intel-gpu-i915-backports/drivers/gpu/drm/i915/fabric/port_diag.o
  CC [M]  /build/intel-gpu-i915-backports/drivers/gpu/drm/i915/i915_pci_err.o
  CC [M]  /build/intel-gpu-i915-backports/drivers/gpu/drm/i915/fabric/routing_debug.o
  LD [M]  /build/intel-gpu-i915-backports/drivers/platform/x86/intel/pmt/pmt_crashlog.o
  CC [M]  /build/intel-gpu-i915-backports/drivers/gpu/drm/i915/fabric/routing_engine.o
  CC [M]  /build/intel-gpu-i915-backports/drivers/gpu/drm/i915/fabric/routing_event.o
  CC [M]  /build/intel-gpu-i915-backports/drivers/gpu/drm/i915/fabric/routing_io.o
  CC [M]  /build/intel-gpu-i915-backports/drivers/gpu/drm/i915/i915_scatterlist.o
  CC [M]  /build/intel-gpu-i915-backports/drivers/gpu/drm/i915/i915_sysfs.o
  LD [M]  /build/intel-gpu-i915-backports/drivers/misc/mei/mei.o
  CC [M]  /build/intel-gpu-i915-backports/drivers/gpu/drm/i915/i915_sysrq.o
  CC [M]  /build/intel-gpu-i915-backports/drivers/gpu/drm/i915/fabric/routing_logic.o
  CC [M]  /build/intel-gpu-i915-backports/drivers/gpu/drm/i915/i915_utils.o
  CC [M]  /build/intel-gpu-i915-backports/drivers/gpu/drm/i915/fabric/routing_p2p.o
  CC [M]  /build/intel-gpu-i915-backports/drivers/gpu/drm/i915/fabric/routing_pause.o
  LD [M]  /build/intel-gpu-i915-backports/drivers/misc/mei/mei-gsc.o
  CC [M]  /build/intel-gpu-i915-backports/drivers/gpu/drm/i915/intel_device_info.o
  CC [M]  /build/intel-gpu-i915-backports/drivers/gpu/drm/i915/fabric/routing_topology.o
  CC [M]  /build/intel-gpu-i915-backports/drivers/gpu/drm/i915/fabric/statedump.o
  CC [M]  /build/intel-gpu-i915-backports/drivers/gpu/drm/i915/fabric/sysfs.o
  CC [M]  /build/intel-gpu-i915-backports/drivers/gpu/drm/i915/fabric/trace.o
  CC [M]  /build/intel-gpu-i915-backports/drivers/gpu/drm/i915/intel_iaf.o
  CC [M]  /build/intel-gpu-i915-backports/drivers/gpu/drm/i915/intel_memory_region.o
  LD [M]  /build/intel-gpu-i915-backports/drivers/misc/mei/mei-txe.o
  CC [M]  /build/intel-gpu-i915-backports/drivers/gpu/drm/i915/intel_pch.o
  CC [M]  /build/intel-gpu-i915-backports/drivers/gpu/drm/i915/intel_pcode.o
  CC [M]  /build/intel-gpu-i915-backports/drivers/gpu/drm/i915/intel_pm.o
  CC [M]  /build/intel-gpu-i915-backports/drivers/gpu/drm/i915/intel_runtime_pm.o
  CC [M]  /build/intel-gpu-i915-backports/drivers/gpu/drm/i915/intel_sbi.o
  LD [M]  /build/intel-gpu-i915-backports/drivers/misc/mei/mei-me.o
  CC [M]  /build/intel-gpu-i915-backports/drivers/gpu/drm/i915/intel_step.o
  CC [M]  /build/intel-gpu-i915-backports/drivers/gpu/drm/i915/intel_sysfs_mem_health.o
  CC [M]  /build/intel-gpu-i915-backports/drivers/gpu/drm/i915/intel_uncore.o
  CC [M]  /build/intel-gpu-i915-backports/drivers/gpu/drm/i915/intel_vsec.o
  CC [M]  /build/intel-gpu-i915-backports/drivers/gpu/drm/i915/intel_wakeref.o
  CC [M]  /build/intel-gpu-i915-backports/drivers/gpu/drm/i915/pvc_ras.o
  CC [M]  /build/intel-gpu-i915-backports/drivers/gpu/drm/i915/intel_dram.o
  CC [M]  /build/intel-gpu-i915-backports/drivers/gpu/drm/i915/dma_resv_utils.o
  CC [M]  /build/intel-gpu-i915-backports/drivers/gpu/drm/i915/i915_memcpy.o
  CC [M]  /build/intel-gpu-i915-backports/drivers/gpu/drm/i915/i915_mm.o
  CC [M]  /build/intel-gpu-i915-backports/drivers/gpu/drm/i915/i915_sw_fence.o
  CC [M]  /build/intel-gpu-i915-backports/drivers/gpu/drm/i915/i915_sw_fence_work.o
  LD [M]  /build/intel-gpu-i915-backports/drivers/gpu/drm/i915/fabric/iaf.o
  CC [M]  /build/intel-gpu-i915-backports/drivers/gpu/drm/i915/i915_syncmap.o
  CC [M]  /build/intel-gpu-i915-backports/drivers/gpu/drm/i915/i915_user_extensions.o
  CC [M]  /build/intel-gpu-i915-backports/drivers/gpu/drm/i915/i915_ioc32.o
  CC [M]  /build/intel-gpu-i915-backports/drivers/gpu/drm/i915/i915_debugfs.o
  CC [M]  /build/intel-gpu-i915-backports/drivers/gpu/drm/i915/i915_debugfs_params.o
  CC [M]  /build/intel-gpu-i915-backports/drivers/gpu/drm/i915/display/intel_display_debugfs.o
  CC [M]  /build/intel-gpu-i915-backports/drivers/gpu/drm/i915/display/intel_pipe_crc.o
  CC [M]  /build/intel-gpu-i915-backports/drivers/gpu/drm/i915/i915_pmu.o
  CC [M]  /build/intel-gpu-i915-backports/drivers/gpu/drm/i915/i915_debugger.o
  CC [M]  /build/intel-gpu-i915-backports/drivers/gpu/drm/i915/gt/gen8_engine_cs.o
  CC [M]  /build/intel-gpu-i915-backports/drivers/gpu/drm/i915/gt/gen8_ppgtt.o
  CC [M]  /build/intel-gpu-i915-backports/drivers/gpu/drm/i915/gt/intel_breadcrumbs.o
  CC [M]  /build/intel-gpu-i915-backports/drivers/gpu/drm/i915/gt/intel_clos.o
  CC [M]  /build/intel-gpu-i915-backports/drivers/gpu/drm/i915/gt/intel_context.o
  CC [M]  /build/intel-gpu-i915-backports/drivers/gpu/drm/i915/gt/intel_context_sseu.o
  CC [M]  /build/intel-gpu-i915-backports/drivers/gpu/drm/i915/gt/intel_context_vm.o
  CC [M]  /build/intel-gpu-i915-backports/drivers/gpu/drm/i915/gt/intel_engine_cs.o
  CC [M]  /build/intel-gpu-i915-backports/drivers/gpu/drm/i915/gt/intel_engine_heartbeat.o
  CC [M]  /build/intel-gpu-i915-backports/drivers/gpu/drm/i915/gt/intel_engine_pm.o
  CC [M]  /build/intel-gpu-i915-backports/drivers/gpu/drm/i915/gt/intel_engine_user.o
  CC [M]  /build/intel-gpu-i915-backports/drivers/gpu/drm/i915/gt/intel_execlists_submission.o
  CC [M]  /build/intel-gpu-i915-backports/drivers/gpu/drm/i915/gt/intel_ggtt.o
  CC [M]  /build/intel-gpu-i915-backports/drivers/gpu/drm/i915/gt/intel_gt.o
  CC [M]  /build/intel-gpu-i915-backports/drivers/gpu/drm/i915/gt/intel_gt_buffer_pool.o
  CC [M]  /build/intel-gpu-i915-backports/drivers/gpu/drm/i915/gt/intel_gt_ccs_mode.o
  CC [M]  /build/intel-gpu-i915-backports/drivers/gpu/drm/i915/gt/intel_gt_clock_utils.o
  CC [M]  /build/intel-gpu-i915-backports/drivers/gpu/drm/i915/gt/intel_gt_debug.o
  CC [M]  /build/intel-gpu-i915-backports/drivers/gpu/drm/i915/gt/intel_gt_debugfs.o
  CC [M]  /build/intel-gpu-i915-backports/drivers/gpu/drm/i915/gt/intel_gt_engines_debugfs.o
  CC [M]  /build/intel-gpu-i915-backports/drivers/gpu/drm/i915/gt/intel_gt_irq.o
  CC [M]  /build/intel-gpu-i915-backports/drivers/gpu/drm/i915/gt/intel_gt_mcr.o
  CC [M]  /build/intel-gpu-i915-backports/drivers/gpu/drm/i915/gt/intel_gt_pm.o
  CC [M]  /build/intel-gpu-i915-backports/drivers/gpu/drm/i915/gt/intel_gt_pm_debugfs.o
  CC [M]  /build/intel-gpu-i915-backports/drivers/gpu/drm/i915/gt/intel_gt_pm_irq.o
  CC [M]  /build/intel-gpu-i915-backports/drivers/gpu/drm/i915/gt/intel_gt_requests.o
  CC [M]  /build/intel-gpu-i915-backports/drivers/gpu/drm/i915/gt/intel_gt_sysfs.o
  CC [M]  /build/intel-gpu-i915-backports/drivers/gpu/drm/i915/gt/intel_gt_sysfs_pm.o
  CC [M]  /build/intel-gpu-i915-backports/drivers/gpu/drm/i915/gt/intel_gtt.o
  CC [M]  /build/intel-gpu-i915-backports/drivers/gpu/drm/i915/gt/intel_llc.o
  CC [M]  /build/intel-gpu-i915-backports/drivers/gpu/drm/i915/gt/intel_lrc.o
  CC [M]  /build/intel-gpu-i915-backports/drivers/gpu/drm/i915/gt/intel_mocs.o
  CC [M]  /build/intel-gpu-i915-backports/drivers/gpu/drm/i915/gt/intel_pagefault.o
  CC [M]  /build/intel-gpu-i915-backports/drivers/gpu/drm/i915/gt/intel_ppgtt.o
  CC [M]  /build/intel-gpu-i915-backports/drivers/gpu/drm/i915/gt/intel_rc6.o
  CC [M]  /build/intel-gpu-i915-backports/drivers/gpu/drm/i915/gt/intel_region_lmem.o
  CC [M]  /build/intel-gpu-i915-backports/drivers/gpu/drm/i915/gt/intel_reset.o
  CC [M]  /build/intel-gpu-i915-backports/drivers/gpu/drm/i915/gt/intel_ring.o
  CC [M]  /build/intel-gpu-i915-backports/drivers/gpu/drm/i915/gt/intel_rps.o
  CC [M]  /build/intel-gpu-i915-backports/drivers/gpu/drm/i915/gt/intel_sa_media.o
  CC [M]  /build/intel-gpu-i915-backports/drivers/gpu/drm/i915/gt/intel_sseu.o
  CC [M]  /build/intel-gpu-i915-backports/drivers/gpu/drm/i915/gt/intel_sseu_debugfs.o
  CC [M]  /build/intel-gpu-i915-backports/drivers/gpu/drm/i915/gt/intel_timeline.o
  CC [M]  /build/intel-gpu-i915-backports/drivers/gpu/drm/i915/gt/intel_tlb.o
  CC [M]  /build/intel-gpu-i915-backports/drivers/gpu/drm/i915/gt/intel_workarounds.o
  CC [M]  /build/intel-gpu-i915-backports/drivers/gpu/drm/i915/gt/shmem_utils.o
  CC [M]  /build/intel-gpu-i915-backports/drivers/gpu/drm/i915/gt/sysfs_engines.o
  CC [M]  /build/intel-gpu-i915-backports/drivers/gpu/drm/i915/gt/sysfs_gt_errors.o
  CC [M]  /build/intel-gpu-i915-backports/drivers/gpu/drm/i915/gem/i915_gem_busy.o
  CC [M]  /build/intel-gpu-i915-backports/drivers/gpu/drm/i915/gem/i915_gem_clflush.o
  CC [M]  /build/intel-gpu-i915-backports/drivers/gpu/drm/i915/gem/i915_gem_context.o
  CC [M]  /build/intel-gpu-i915-backports/drivers/gpu/drm/i915/gem/i915_gem_create.o
  CC [M]  /build/intel-gpu-i915-backports/drivers/gpu/drm/i915/gem/i915_gem_dmabuf.o
  CC [M]  /build/intel-gpu-i915-backports/drivers/gpu/drm/i915/gem/i915_gem_domain.o
  CC [M]  /build/intel-gpu-i915-backports/drivers/gpu/drm/i915/gem/i915_gem_execbuffer.o
  CC [M]  /build/intel-gpu-i915-backports/drivers/gpu/drm/i915/gem/i915_gem_internal.o
  CC [M]  /build/intel-gpu-i915-backports/drivers/gpu/drm/i915/gem/i915_gem_object.o
  CC [M]  /build/intel-gpu-i915-backports/drivers/gpu/drm/i915/gem/i915_gem_lmem.o
  CC [M]  /build/intel-gpu-i915-backports/drivers/gpu/drm/i915/gem/i915_gem_mman.o
  CC [M]  /build/intel-gpu-i915-backports/drivers/gpu/drm/i915/gem/i915_gem_pages.o
  CC [M]  /build/intel-gpu-i915-backports/drivers/gpu/drm/i915/gem/i915_gem_pm.o
  CC [M]  /build/intel-gpu-i915-backports/drivers/gpu/drm/i915/gem/i915_gem_region.o
  CC [M]  /build/intel-gpu-i915-backports/drivers/gpu/drm/i915/gem/i915_gem_shmem.o
  CC [M]  /build/intel-gpu-i915-backports/drivers/gpu/drm/i915/gem/i915_gem_shrinker.o
  CC [M]  /build/intel-gpu-i915-backports/drivers/gpu/drm/i915/gem/i915_gem_stolen.o
  CC [M]  /build/intel-gpu-i915-backports/drivers/gpu/drm/i915/gem/i915_gem_throttle.o
  CC [M]  /build/intel-gpu-i915-backports/drivers/gpu/drm/i915/gem/i915_gem_tiling.o
  CC [M]  /build/intel-gpu-i915-backports/drivers/gpu/drm/i915/gem/i915_gem_userptr.o
  CC [M]  /build/intel-gpu-i915-backports/drivers/gpu/drm/i915/gem/i915_gem_vm_bind_object.o
  CC [M]  /build/intel-gpu-i915-backports/drivers/gpu/drm/i915/gem/i915_gem_wait.o
  CC [M]  /build/intel-gpu-i915-backports/drivers/gpu/drm/i915/gem/i915_gem_wait_user_fence.o
  CC [M]  /build/intel-gpu-i915-backports/drivers/gpu/drm/i915/gem/i915_gemfs.o
  CC [M]  /build/intel-gpu-i915-backports/drivers/gpu/drm/i915/i915_active.o
  CC [M]  /build/intel-gpu-i915-backports/drivers/gpu/drm/i915/i915_buddy.o
  CC [M]  /build/intel-gpu-i915-backports/drivers/gpu/drm/i915/i915_gem_evict.o
  CC [M]  /build/intel-gpu-i915-backports/drivers/gpu/drm/i915/i915_gem_gtt.o
  CC [M]  /build/intel-gpu-i915-backports/drivers/gpu/drm/i915/i915_gem_ww.o
  CC [M]  /build/intel-gpu-i915-backports/drivers/gpu/drm/i915/i915_gem.o
  CC [M]  /build/intel-gpu-i915-backports/drivers/gpu/drm/i915/i915_query.o
  CC [M]  /build/intel-gpu-i915-backports/drivers/gpu/drm/i915/i915_request.o
  CC [M]  /build/intel-gpu-i915-backports/drivers/gpu/drm/i915/i915_scheduler.o
  CC [M]  /build/intel-gpu-i915-backports/drivers/gpu/drm/i915/i915_suspend_fence.o
  CC [M]  /build/intel-gpu-i915-backports/drivers/gpu/drm/i915/i915_trace_points.o
  CC [M]  /build/intel-gpu-i915-backports/drivers/gpu/drm/i915/i915_vma.o
  CC [M]  /build/intel-gpu-i915-backports/drivers/gpu/drm/i915/intel_wopcm.o
  CC [M]  /build/intel-gpu-i915-backports/drivers/gpu/drm/i915/gt/uc/intel_uc.o
  CC [M]  /build/intel-gpu-i915-backports/drivers/gpu/drm/i915/gt/uc/intel_uc_debugfs.o
  CC [M]  /build/intel-gpu-i915-backports/drivers/gpu/drm/i915/gt/uc/intel_uc_fw.o
  CC [M]  /build/intel-gpu-i915-backports/drivers/gpu/drm/i915/gt/uc/intel_guc.o
  CC [M]  /build/intel-gpu-i915-backports/drivers/gpu/drm/i915/gt/uc/intel_guc_ads.o
  CC [M]  /build/intel-gpu-i915-backports/drivers/gpu/drm/i915/gt/uc/intel_guc_capture.o
  CC [M]  /build/intel-gpu-i915-backports/drivers/gpu/drm/i915/gt/uc/intel_guc_ct.o
  CC [M]  /build/intel-gpu-i915-backports/drivers/gpu/drm/i915/gt/uc/intel_guc_debugfs.o
  CC [M]  /build/intel-gpu-i915-backports/drivers/gpu/drm/i915/gt/uc/intel_guc_fw.o
  CC [M]  /build/intel-gpu-i915-backports/drivers/gpu/drm/i915/gt/uc/intel_guc_hwconfig.o
  CC [M]  /build/intel-gpu-i915-backports/drivers/gpu/drm/i915/gt/uc/intel_guc_log.o
  CC [M]  /build/intel-gpu-i915-backports/drivers/gpu/drm/i915/gt/uc/intel_guc_log_debugfs.o
  CC [M]  /build/intel-gpu-i915-backports/drivers/gpu/drm/i915/gt/uc/intel_guc_rc.o
  CC [M]  /build/intel-gpu-i915-backports/drivers/gpu/drm/i915/gt/uc/intel_guc_slpc.o
  CC [M]  /build/intel-gpu-i915-backports/drivers/gpu/drm/i915/gt/uc/intel_guc_submission.o
  CC [M]  /build/intel-gpu-i915-backports/drivers/gpu/drm/i915/gt/uc/intel_huc.o
  CC [M]  /build/intel-gpu-i915-backports/drivers/gpu/drm/i915/gt/uc/intel_huc_debugfs.o
  CC [M]  /build/intel-gpu-i915-backports/drivers/gpu/drm/i915/gt/uc/intel_huc_fw.o
  CC [M]  /build/intel-gpu-i915-backports/drivers/gpu/drm/i915/gt/uc/intel_gsc_fw.o
  CC [M]  /build/intel-gpu-i915-backports/drivers/gpu/drm/i915/gt/uc/intel_gsc_uc.o
  CC [M]  /build/intel-gpu-i915-backports/drivers/gpu/drm/i915/gt/intel_gsc.o
  CC [M]  /build/intel-gpu-i915-backports/drivers/gpu/drm/i915/spi/intel_spi.o
  CC [M]  /build/intel-gpu-i915-backports/drivers/gpu/drm/i915/i915_sriov.o
  CC [M]  /build/intel-gpu-i915-backports/drivers/gpu/drm/i915/i915_sriov_sysfs.o
  CC [M]  /build/intel-gpu-i915-backports/drivers/gpu/drm/i915/gt/iov/intel_iov.o
  CC [M]  /build/intel-gpu-i915-backports/drivers/gpu/drm/i915/gt/iov/intel_iov_debugfs.o
  CC [M]  /build/intel-gpu-i915-backports/drivers/gpu/drm/i915/gt/iov/intel_iov_event.o
  CC [M]  /build/intel-gpu-i915-backports/drivers/gpu/drm/i915/gt/iov/intel_iov_memirq.o
  CC [M]  /build/intel-gpu-i915-backports/drivers/gpu/drm/i915/gt/iov/intel_iov_migration.o
  CC [M]  /build/intel-gpu-i915-backports/drivers/gpu/drm/i915/gt/iov/intel_iov_provisioning.o
  CC [M]  /build/intel-gpu-i915-backports/drivers/gpu/drm/i915/gt/iov/intel_iov_query.o
  CC [M]  /build/intel-gpu-i915-backports/drivers/gpu/drm/i915/gt/iov/intel_iov_relay.o
  CC [M]  /build/intel-gpu-i915-backports/drivers/gpu/drm/i915/gt/iov/intel_iov_service.o
  CC [M]  /build/intel-gpu-i915-backports/drivers/gpu/drm/i915/gt/iov/intel_iov_state.o
  CC [M]  /build/intel-gpu-i915-backports/drivers/gpu/drm/i915/gt/iov/intel_iov_sysfs.o
  CC [M]  /build/intel-gpu-i915-backports/drivers/gpu/drm/i915/gt/iov/intel_lmtt.o
  CC [M]  /build/intel-gpu-i915-backports/drivers/gpu/drm/i915/gt/iov/xehpsdv_lmtt.o
  CC [M]  /build/intel-gpu-i915-backports/drivers/gpu/drm/i915/gt/iov/pvc_lmtt.o
  CC [M]  /build/intel-gpu-i915-backports/drivers/gpu/drm/i915/gt/iov/selftests/iov_selftest_actions.o
  CC [M]  /build/intel-gpu-i915-backports/drivers/gpu/drm/i915/gt/iov/selftests/iov_selftest_utils.o
  CC [M]  /build/intel-gpu-i915-backports/drivers/gpu/drm/i915/i915_hwmon.o
  CC [M]  /build/intel-gpu-i915-backports/drivers/gpu/drm/i915/display/intel_atomic.o
  CC [M]  /build/intel-gpu-i915-backports/drivers/gpu/drm/i915/display/intel_atomic_plane.o
  CC [M]  /build/intel-gpu-i915-backports/drivers/gpu/drm/i915/display/intel_audio.o
  CC [M]  /build/intel-gpu-i915-backports/drivers/gpu/drm/i915/display/intel_bios.o
  CC [M]  /build/intel-gpu-i915-backports/drivers/gpu/drm/i915/display/intel_bw.o
  CC [M]  /build/intel-gpu-i915-backports/drivers/gpu/drm/i915/display/intel_cdclk.o
  CC [M]  /build/intel-gpu-i915-backports/drivers/gpu/drm/i915/display/intel_color.o
  CC [M]  /build/intel-gpu-i915-backports/drivers/gpu/drm/i915/display/intel_combo_phy.o
  CC [M]  /build/intel-gpu-i915-backports/drivers/gpu/drm/i915/display/intel_connector.o
  CC [M]  /build/intel-gpu-i915-backports/drivers/gpu/drm/i915/display/intel_crtc.o
  CC [M]  /build/intel-gpu-i915-backports/drivers/gpu/drm/i915/display/intel_crtc_state_dump.o
  CC [M]  /build/intel-gpu-i915-backports/drivers/gpu/drm/i915/display/intel_cursor.o
  CC [M]  /build/intel-gpu-i915-backports/drivers/gpu/drm/i915/display/intel_display.o
  CC [M]  /build/intel-gpu-i915-backports/drivers/gpu/drm/i915/display/intel_display_power.o
  CC [M]  /build/intel-gpu-i915-backports/drivers/gpu/drm/i915/display/intel_display_power_map.o
  CC [M]  /build/intel-gpu-i915-backports/drivers/gpu/drm/i915/display/intel_display_power_well.o
  CC [M]  /build/intel-gpu-i915-backports/drivers/gpu/drm/i915/display/intel_dmc.o
  CC [M]  /build/intel-gpu-i915-backports/drivers/gpu/drm/i915/display/intel_dpll.o
  CC [M]  /build/intel-gpu-i915-backports/drivers/gpu/drm/i915/display/intel_dpll_mgr.o
  CC [M]  /build/intel-gpu-i915-backports/drivers/gpu/drm/i915/display/intel_dpt.o
  CC [M]  /build/intel-gpu-i915-backports/drivers/gpu/drm/i915/display/intel_drrs.o
  CC [M]  /build/intel-gpu-i915-backports/drivers/gpu/drm/i915/display/intel_dsb.o
  CC [M]  /build/intel-gpu-i915-backports/drivers/gpu/drm/i915/display/intel_fb.o
  CC [M]  /build/intel-gpu-i915-backports/drivers/gpu/drm/i915/display/intel_fb_pin.o
  CC [M]  /build/intel-gpu-i915-backports/drivers/gpu/drm/i915/display/intel_fbc.o
  CC [M]  /build/intel-gpu-i915-backports/drivers/gpu/drm/i915/display/intel_frontbuffer.o
  CC [M]  /build/intel-gpu-i915-backports/drivers/gpu/drm/i915/display/intel_global_state.o
  CC [M]  /build/intel-gpu-i915-backports/drivers/gpu/drm/i915/display/intel_hdcp.o
  CC [M]  /build/intel-gpu-i915-backports/drivers/gpu/drm/i915/display/intel_hdcp_gsc.o
  CC [M]  /build/intel-gpu-i915-backports/drivers/gpu/drm/i915/display/intel_hotplug.o
  CC [M]  /build/intel-gpu-i915-backports/drivers/gpu/drm/i915/display/intel_modeset_verify.o
  CC [M]  /build/intel-gpu-i915-backports/drivers/gpu/drm/i915/display/intel_modeset_setup.o
  CC [M]  /build/intel-gpu-i915-backports/drivers/gpu/drm/i915/display/intel_plane_initial.o
  CC [M]  /build/intel-gpu-i915-backports/drivers/gpu/drm/i915/display/intel_psr.o
  CC [M]  /build/intel-gpu-i915-backports/drivers/gpu/drm/i915/display/intel_quirks.o
  CC [M]  /build/intel-gpu-i915-backports/drivers/gpu/drm/i915/display/intel_sprite.o
  CC [M]  /build/intel-gpu-i915-backports/drivers/gpu/drm/i915/display/intel_tc.o
  CC [M]  /build/intel-gpu-i915-backports/drivers/gpu/drm/i915/display/skl_scaler.o
  CC [M]  /build/intel-gpu-i915-backports/drivers/gpu/drm/i915/display/skl_universal_plane.o
  CC [M]  /build/intel-gpu-i915-backports/drivers/gpu/drm/i915/display/intel_acpi.o
  CC [M]  /build/intel-gpu-i915-backports/drivers/gpu/drm/i915/display/intel_opregion.o
  CC [M]  /build/intel-gpu-i915-backports/drivers/gpu/drm/i915/display/icl_dsi.o
  CC [M]  /build/intel-gpu-i915-backports/drivers/gpu/drm/i915/display/intel_backlight.o
  CC [M]  /build/intel-gpu-i915-backports/drivers/gpu/drm/i915/display/intel_cx0_phy.o
  CC [M]  /build/intel-gpu-i915-backports/drivers/gpu/drm/i915/display/intel_ddi.o
  CC [M]  /build/intel-gpu-i915-backports/drivers/gpu/drm/i915/display/intel_ddi_buf_trans.o
  CC [M]  /build/intel-gpu-i915-backports/drivers/gpu/drm/i915/display/intel_display_trace.o
  CC [M]  /build/intel-gpu-i915-backports/drivers/gpu/drm/i915/display/intel_dp.o
  CC [M]  /build/intel-gpu-i915-backports/drivers/gpu/drm/i915/display/intel_dp_aux.o
  CC [M]  /build/intel-gpu-i915-backports/drivers/gpu/drm/i915/display/intel_dp_hdcp.o
  CC [M]  /build/intel-gpu-i915-backports/drivers/gpu/drm/i915/display/intel_dp_aux_backlight.o
  CC [M]  /build/intel-gpu-i915-backports/drivers/gpu/drm/i915/display/intel_dp_link_training.o
  CC [M]  /build/intel-gpu-i915-backports/drivers/gpu/drm/i915/display/intel_dp_mst.o
  CC [M]  /build/intel-gpu-i915-backports/drivers/gpu/drm/i915/display/intel_dsi.o
  CC [M]  /build/intel-gpu-i915-backports/drivers/gpu/drm/i915/display/intel_dsi_dcs_backlight.o
  CC [M]  /build/intel-gpu-i915-backports/drivers/gpu/drm/i915/display/intel_dsi_vbt.o
  CC [M]  /build/intel-gpu-i915-backports/drivers/gpu/drm/i915/display/intel_gmbus.o
  CC [M]  /build/intel-gpu-i915-backports/drivers/gpu/drm/i915/display/intel_hdmi.o
  CC [M]  /build/intel-gpu-i915-backports/drivers/gpu/drm/i915/display/intel_panel.o
  CC [M]  /build/intel-gpu-i915-backports/drivers/gpu/drm/i915/display/intel_pps.o
  CC [M]  /build/intel-gpu-i915-backports/drivers/gpu/drm/i915/display/intel_qp_tables.o
  CC [M]  /build/intel-gpu-i915-backports/drivers/gpu/drm/i915/display/intel_snps_phy.o
  CC [M]  /build/intel-gpu-i915-backports/drivers/gpu/drm/i915/display/intel_vdsc.o
  CC [M]  /build/intel-gpu-i915-backports/drivers/gpu/drm/i915/display/intel_vrr.o
  CC [M]  /build/intel-gpu-i915-backports/drivers/gpu/drm/i915/i915_perf.o
  CC [M]  /build/intel-gpu-i915-backports/drivers/gpu/drm/i915/i915_perf_stall_cntr.o
  CC [M]  /build/intel-gpu-i915-backports/drivers/gpu/drm/i915/pxp/intel_pxp.o
  CC [M]  /build/intel-gpu-i915-backports/drivers/gpu/drm/i915/pxp/intel_pxp_tee.o
  CC [M]  /build/intel-gpu-i915-backports/drivers/gpu/drm/i915/pxp/intel_pxp_huc.o
  CC [M]  /build/intel-gpu-i915-backports/drivers/gpu/drm/i915/pxp/intel_pxp_cmd.o
  CC [M]  /build/intel-gpu-i915-backports/drivers/gpu/drm/i915/pxp/intel_pxp_debugfs.o
  CC [M]  /build/intel-gpu-i915-backports/drivers/gpu/drm/i915/pxp/intel_pxp_irq.o
  CC [M]  /build/intel-gpu-i915-backports/drivers/gpu/drm/i915/pxp/intel_pxp_pm.o
  CC [M]  /build/intel-gpu-i915-backports/drivers/gpu/drm/i915/pxp/intel_pxp_session.o
  CC [M]  /build/intel-gpu-i915-backports/drivers/gpu/drm/i915/i915_gpu_error.o
  CC [M]  /build/intel-gpu-i915-backports/drivers/gpu/drm/i915/spi/intel_spi_drv.o
  LD [M]  /build/intel-gpu-i915-backports/drivers/gpu/drm/i915/i915_spi.o
  LD [M]  /build/intel-gpu-i915-backports/drivers/gpu/drm/i915/i915.o
  MODPOST /build/intel-gpu-i915-backports/Module.symvers
  CC [M]  /build/intel-gpu-i915-backports/compat/i915-compat.mod.o
  CC [M]  /build/intel-gpu-i915-backports/drivers/gpu/drm/i915/fabric/iaf.mod.o
  CC [M]  /build/intel-gpu-i915-backports/drivers/gpu/drm/i915/i915.mod.o
  CC [M]  /build/intel-gpu-i915-backports/drivers/gpu/drm/i915/i915_spi.mod.o
  CC [M]  /build/intel-gpu-i915-backports/drivers/misc/mei/hdcp/mei_hdcp.mod.o
  CC [M]  /build/intel-gpu-i915-backports/drivers/misc/mei/iaf/mei_iaf.mod.o
  CC [M]  /build/intel-gpu-i915-backports/drivers/misc/mei/mei-gsc.mod.o
  CC [M]  /build/intel-gpu-i915-backports/drivers/misc/mei/mei-me.mod.o
  CC [M]  /build/intel-gpu-i915-backports/drivers/misc/mei/mei-txe.mod.o
  CC [M]  /build/intel-gpu-i915-backports/drivers/misc/mei/mei.mod.o
  CC [M]  /build/intel-gpu-i915-backports/drivers/misc/mei/pxp/mei_pxp.mod.o
  CC [M]  /build/intel-gpu-i915-backports/drivers/platform/x86/intel/intel_vsec.mod.o
  CC [M]  /build/intel-gpu-i915-backports/drivers/platform/x86/intel/pmt/pmt_class.mod.o
  CC [M]  /build/intel-gpu-i915-backports/drivers/platform/x86/intel/pmt/pmt_crashlog.mod.o
  CC [M]  /build/intel-gpu-i915-backports/drivers/platform/x86/intel/pmt/pmt_telemetry.mod.o
  CC [M]  /build/intel-gpu-i915-backports/drivers/watchdog/mei_wdt.mod.o
  LD [M]  /build/intel-gpu-i915-backports/drivers/misc/mei/mei-txe.ko
  LD [M]  /build/intel-gpu-i915-backports/drivers/misc/mei/pxp/mei_pxp.ko
  LD [M]  /build/intel-gpu-i915-backports/drivers/gpu/drm/i915/i915_spi.ko
  LD [M]  /build/intel-gpu-i915-backports/drivers/watchdog/mei_wdt.ko
  LD [M]  /build/intel-gpu-i915-backports/drivers/misc/mei/mei-me.ko
  LD [M]  /build/intel-gpu-i915-backports/compat/i915-compat.ko
  LD [M]  /build/intel-gpu-i915-backports/drivers/platform/x86/intel/pmt/pmt_crashlog.ko
  LD [M]  /build/intel-gpu-i915-backports/drivers/misc/mei/mei-gsc.ko
  BTF [M] /build/intel-gpu-i915-backports/drivers/misc/mei/pxp/mei_pxp.ko
  LD [M]  /build/intel-gpu-i915-backports/drivers/gpu/drm/i915/fabric/iaf.ko
  BTF [M] /build/intel-gpu-i915-backports/drivers/misc/mei/mei-txe.ko
  BTF [M] /build/intel-gpu-i915-backports/drivers/gpu/drm/i915/i915_spi.ko
  LD [M]  /build/intel-gpu-i915-backports/drivers/platform/x86/intel/pmt/pmt_class.ko
  BTF [M] /build/intel-gpu-i915-backports/drivers/watchdog/mei_wdt.ko
  LD [M]  /build/intel-gpu-i915-backports/drivers/platform/x86/intel/pmt/pmt_telemetry.ko
  LD [M]  /build/intel-gpu-i915-backports/drivers/misc/mei/hdcp/mei_hdcp.ko
  LD [M]  /build/intel-gpu-i915-backports/drivers/gpu/drm/i915/i915.ko
  BTF [M] /build/intel-gpu-i915-backports/drivers/platform/x86/intel/pmt/pmt_crashlog.ko
  BTF [M] /build/intel-gpu-i915-backports/drivers/misc/mei/mei-gsc.ko
  BTF [M] /build/intel-gpu-i915-backports/drivers/misc/mei/mei-me.ko
  LD [M]  /build/intel-gpu-i915-backports/drivers/misc/mei/mei.ko
  LD [M]  /build/intel-gpu-i915-backports/drivers/misc/mei/iaf/mei_iaf.ko
  LD [M]  /build/intel-gpu-i915-backports/drivers/platform/x86/intel/intel_vsec.ko
  BTF [M] /build/intel-gpu-i915-backports/drivers/platform/x86/intel/pmt/pmt_class.ko
  BTF [M] /build/intel-gpu-i915-backports/drivers/platform/x86/intel/pmt/pmt_telemetry.ko
  BTF [M] /build/intel-gpu-i915-backports/compat/i915-compat.ko
  BTF [M] /build/intel-gpu-i915-backports/drivers/misc/mei/hdcp/mei_hdcp.ko
  BTF [M] /build/intel-gpu-i915-backports/drivers/platform/x86/intel/intel_vsec.ko
  BTF [M] /build/intel-gpu-i915-backports/drivers/misc/mei/iaf/mei_iaf.ko
  BTF [M] /build/intel-gpu-i915-backports/drivers/misc/mei/mei.ko
  BTF [M] /build/intel-gpu-i915-backports/drivers/gpu/drm/i915/fabric/iaf.ko
  BTF [M] /build/intel-gpu-i915-backports/drivers/gpu/drm/i915/i915.ko
make[1]: Nothing to be done for 'updateconfig'.
  INSTALL /lib/modules/5.14.0-427.26.1.el9_4.x86_64/lib/modules/5.14.0-427.26.1.el9_4.x86_64/updates/compat/i915-compat.ko
  INSTALL /lib/modules/5.14.0-427.26.1.el9_4.x86_64/lib/modules/5.14.0-427.26.1.el9_4.x86_64/updates/drivers/gpu/drm/i915/fabric/iaf.ko
  INSTALL /lib/modules/5.14.0-427.26.1.el9_4.x86_64/lib/modules/5.14.0-427.26.1.el9_4.x86_64/updates/drivers/gpu/drm/i915/i915.ko
  INSTALL /lib/modules/5.14.0-427.26.1.el9_4.x86_64/lib/modules/5.14.0-427.26.1.el9_4.x86_64/updates/drivers/gpu/drm/i915/i915_spi.ko
  INSTALL /lib/modules/5.14.0-427.26.1.el9_4.x86_64/lib/modules/5.14.0-427.26.1.el9_4.x86_64/updates/drivers/misc/mei/hdcp/mei_hdcp.ko
  INSTALL /lib/modules/5.14.0-427.26.1.el9_4.x86_64/lib/modules/5.14.0-427.26.1.el9_4.x86_64/updates/drivers/misc/mei/iaf/mei_iaf.ko
  INSTALL /lib/modules/5.14.0-427.26.1.el9_4.x86_64/lib/modules/5.14.0-427.26.1.el9_4.x86_64/updates/drivers/misc/mei/mei-gsc.ko
  INSTALL /lib/modules/5.14.0-427.26.1.el9_4.x86_64/lib/modules/5.14.0-427.26.1.el9_4.x86_64/updates/drivers/misc/mei/mei-me.ko
  INSTALL /lib/modules/5.14.0-427.26.1.el9_4.x86_64/lib/modules/5.14.0-427.26.1.el9_4.x86_64/updates/drivers/misc/mei/mei-txe.ko
  INSTALL /lib/modules/5.14.0-427.26.1.el9_4.x86_64/lib/modules/5.14.0-427.26.1.el9_4.x86_64/updates/drivers/misc/mei/mei.ko
  INSTALL /lib/modules/5.14.0-427.26.1.el9_4.x86_64/lib/modules/5.14.0-427.26.1.el9_4.x86_64/updates/drivers/misc/mei/pxp/mei_pxp.ko
  INSTALL /lib/modules/5.14.0-427.26.1.el9_4.x86_64/lib/modules/5.14.0-427.26.1.el9_4.x86_64/updates/drivers/platform/x86/intel/intel_vsec.ko
  INSTALL /lib/modules/5.14.0-427.26.1.el9_4.x86_64/lib/modules/5.14.0-427.26.1.el9_4.x86_64/updates/drivers/platform/x86/intel/pmt/pmt_class.ko
  INSTALL /lib/modules/5.14.0-427.26.1.el9_4.x86_64/lib/modules/5.14.0-427.26.1.el9_4.x86_64/updates/drivers/platform/x86/intel/pmt/pmt_crashlog.ko
  SIGN    /lib/modules/5.14.0-427.26.1.el9_4.x86_64/lib/modules/5.14.0-427.26.1.el9_4.x86_64/updates/compat/i915-compat.ko
  SIGN    /lib/modules/5.14.0-427.26.1.el9_4.x86_64/lib/modules/5.14.0-427.26.1.el9_4.x86_64/updates/drivers/gpu/drm/i915/fabric/iaf.ko
  SIGN    /lib/modules/5.14.0-427.26.1.el9_4.x86_64/lib/modules/5.14.0-427.26.1.el9_4.x86_64/updates/drivers/gpu/drm/i915/i915.ko
  SIGN    /lib/modules/5.14.0-427.26.1.el9_4.x86_64/lib/modules/5.14.0-427.26.1.el9_4.x86_64/updates/drivers/gpu/drm/i915/i915_spi.ko
  SIGN    /lib/modules/5.14.0-427.26.1.el9_4.x86_64/lib/modules/5.14.0-427.26.1.el9_4.x86_64/updates/drivers/misc/mei/hdcp/mei_hdcp.ko
  SIGN    /lib/modules/5.14.0-427.26.1.el9_4.x86_64/lib/modules/5.14.0-427.26.1.el9_4.x86_64/updates/drivers/misc/mei/iaf/mei_iaf.ko
  SIGN    /lib/modules/5.14.0-427.26.1.el9_4.x86_64/lib/modules/5.14.0-427.26.1.el9_4.x86_64/updates/drivers/misc/mei/mei-gsc.ko
  SIGN    /lib/modules/5.14.0-427.26.1.el9_4.x86_64/lib/modules/5.14.0-427.26.1.el9_4.x86_64/updates/drivers/misc/mei/mei-me.ko
  SIGN    /lib/modules/5.14.0-427.26.1.el9_4.x86_64/lib/modules/5.14.0-427.26.1.el9_4.x86_64/updates/drivers/misc/mei/mei-txe.ko
  SIGN    /lib/modules/5.14.0-427.26.1.el9_4.x86_64/lib/modules/5.14.0-427.26.1.el9_4.x86_64/updates/drivers/misc/mei/mei.ko
  SIGN    /lib/modules/5.14.0-427.26.1.el9_4.x86_64/lib/modules/5.14.0-427.26.1.el9_4.x86_64/updates/drivers/misc/mei/pxp/mei_pxp.ko
  SIGN    /lib/modules/5.14.0-427.26.1.el9_4.x86_64/lib/modules/5.14.0-427.26.1.el9_4.x86_64/updates/drivers/platform/x86/intel/intel_vsec.ko
  SIGN    /lib/modules/5.14.0-427.26.1.el9_4.x86_64/lib/modules/5.14.0-427.26.1.el9_4.x86_64/updates/drivers/platform/x86/intel/pmt/pmt_class.ko
  SIGN    /lib/modules/5.14.0-427.26.1.el9_4.x86_64/lib/modules/5.14.0-427.26.1.el9_4.x86_64/updates/drivers/platform/x86/intel/pmt/pmt_crashlog.ko
  INSTALL /lib/modules/5.14.0-427.26.1.el9_4.x86_64/lib/modules/5.14.0-427.26.1.el9_4.x86_64/updates/drivers/platform/x86/intel/pmt/pmt_telemetry.ko
  INSTALL /lib/modules/5.14.0-427.26.1.el9_4.x86_64/lib/modules/5.14.0-427.26.1.el9_4.x86_64/updates/drivers/watchdog/mei_wdt.ko
  SIGN    /lib/modules/5.14.0-427.26.1.el9_4.x86_64/lib/modules/5.14.0-427.26.1.el9_4.x86_64/updates/drivers/platform/x86/intel/pmt/pmt_telemetry.ko
  SIGN    /lib/modules/5.14.0-427.26.1.el9_4.x86_64/lib/modules/5.14.0-427.26.1.el9_4.x86_64/updates/drivers/watchdog/mei_wdt.ko
  DEPMOD  /lib/modules/5.14.0-427.26.1.el9_4.x86_64/lib/modules/5.14.0-427.26.1.el9_4.x86_64
depmod will prefer updates/ over kernel/ -- OK!
